<?xml version="1.0" encoding="UTF-8"?>
<testsuite name="com.teleapps.ClubAppApplicationTests" time="0.014" tests="1" errors="1" skipped="0" failures="0">
  <properties>
[...]
</properties>
  <testcase name="initializationError" classname="com.teleapps.ClubAppApplicationTests" time="0.014">
    <error message="Unable to find a @SpringBootConfiguration, you need to use @ContextConfiguration or @SpringBootTest(classes=...) with your test" type="java.lang.IllegalStateException"><![CDATA[java.lang.IllegalStateException: Unable to find a @SpringBootConfiguration, you need to use @ContextConfiguration or @SpringBootTest(classes=...) with your test
	at org.springframework.util.Assert.state(Assert.java:392)
	at org.springframework.boot.test.context.SpringBootTestContextBootstrapper.getOrFindConfigurationClasses(SpringBootTestContextBootstrapper.java:173)
	at org.springframework.boot.test.context.SpringBootTestContextBootstrapper.processMergedContextConfiguration(SpringBootTestContextBootstrapper.java:133)
	at org.springframework.test.context.support.AbstractTestContextBootstrapper.buildMergedContextConfiguration(AbstractTestContextBootstrapper.java:409)
	at org.springframework.test.context.support.AbstractTestContextBootstrapper.buildDefaultMergedContextConfiguration(AbstractTestContextBootstrapper.java:323)
	at org.springframework.test.context.support.AbstractTestContextBootstrapper.buildMergedContextConfiguration(AbstractTestContextBootstrapper.java:277)
	at org.springframework.test.context.support.AbstractTestContextBootstrapper.buildTestContext(AbstractTestContextBootstrapper.java:112)
	at org.springframework.boot.test.context.SpringBootTestContextBootstrapper.buildTestContext(SpringBootTestContextBootstrapper.java:78)
	at org.springframework.test.context.TestContextManager.<init>(TestContextManager.java:120)
	at org.springframework.test.context.TestContextManager.<init>(TestContextManager.java:105)
	at org.springframework.test.context.junit4.SpringJUnit4ClassRunner.createTestContextManager(SpringJUnit4ClassRunner.java:152)
	at org.springframework.test.context.junit4.SpringJUnit4ClassRunner.<init>(SpringJUnit4ClassRunner.java:143)
	at org.springframework.test.context.junit4.SpringRunner.<init>(SpringRunner.java:49)
	at sun.reflect.NativeConstructorAccessorImpl.newInstance0(Native Method)
	at sun.reflect.NativeConstructorAccessorImpl.newInstance(NativeConstructorAccessorImpl.java:62)
	at sun.reflect.DelegatingConstructorAccessorImpl.newInstance(DelegatingConstructorAccessorImpl.java:45)
	at java.lang.reflect.Constructor.newInstance(Constructor.java:423)
	at org.junit.internal.builders.AnnotatedBuilder.buildRunner(AnnotatedBuilder.java:104)
	at org.junit.internal.builders.AnnotatedBuilder.runnerForClass(AnnotatedBuilder.java:86)
	at org.junit.runners.model.RunnerBuilder.safeRunnerForClass(RunnerBuilder.java:59)
	at org.junit.internal.builders.AllDefaultPossibilitiesBuilder.runnerForClass(AllDefaultPossibilitiesBuilder.java:26)
	at org.junit.runners.model.RunnerBuilder.safeRunnerForClass(RunnerBuilder.java:59)
	at org.junit.internal.requests.ClassRequest.getRunner(ClassRequest.java:33)
	at org.apache.maven.surefire.junit4.JUnit4Provider.execute(JUnit4Provider.java:283)
	at org.apache.maven.surefire.junit4.JUnit4Provider.executeWithRerun(JUnit4Provider.java:173)
	at org.apache.maven.surefire.junit4.JUnit4Provider.executeTestSet(JUnit4Provider.java:153)
	at org.apache.maven.surefire.junit4.JUnit4Provider.invoke(JUnit4Provider.java:128)
	at org.apache.maven.surefire.booter.ForkedBooter.invokeProviderInSameClassLoader(ForkedBooter.java:203)
	at org.apache.maven.surefire.booter.ForkedBooter.runSuitesInProcess(ForkedBooter.java:155)
	at org.apache.maven.surefire.booter.ForkedBooter.main(ForkedBooter.java:103)
]]></error>
    <system-out><![CDATA[11:57:52.931 [main] DEBUG org.springframework.test.context.junit4.SpringJUnit4ClassRunner - SpringJUnit4ClassRunner constructor called with [class com.teleapps.ClubAppApplicationTests]
11:57:52.951 [main] DEBUG org.springframework.test.context.BootstrapUtils - Instantiating CacheAwareContextLoaderDelegate from class [org.springframework.test.context.cache.DefaultCacheAwareContextLoaderDelegate]
11:57:52.961 [main] DEBUG org.springframework.test.context.BootstrapUtils - Instantiating BootstrapContext using constructor [public org.springframework.test.context.support.DefaultBootstrapContext(java.lang.Class,org.springframework.test.context.CacheAwareContextLoaderDelegate)]
11:57:52.979 [main] DEBUG org.springframework.test.context.BootstrapUtils - Instantiating TestContextBootstrapper for test class [com.teleapps.ClubAppApplicationTests] from class [org.springframework.boot.test.context.SpringBootTestContextBootstrapper]
11:57:52.994 [main] INFO org.springframework.boot.test.context.SpringBootTestContextBootstrapper - Neither @ContextConfiguration nor @ContextHierarchy found for test class [com.teleapps.ClubAppApplicationTests], using SpringBootContextLoader
11:57:53.000 [main] DEBUG org.springframework.test.context.support.AbstractContextLoader - Did not detect default resource location for test class [com.teleapps.ClubAppApplicationTests]: class path resource [com/teleapps/ClubAppApplicationTests-context.xml] does not exist
11:57:53.001 [main] DEBUG org.springframework.test.context.support.AbstractContextLoader - Did not detect default resource location for test class [com.teleapps.ClubAppApplicationTests]: class path resource [com/teleapps/ClubAppApplicationTestsContext.groovy] does not exist
11:57:53.001 [main] INFO org.springframework.test.context.support.AbstractContextLoader - Could not detect default resource locations for test class [com.teleapps.ClubAppApplicationTests]: no resource found for suffixes {-context.xml, Context.groovy}.
11:57:53.002 [main] INFO org.springframework.test.context.support.AnnotationConfigContextLoaderUtils - Could not detect default configuration classes for test class [com.teleapps.ClubAppApplicationTests]: ClubAppApplicationTests does not declare any static, non-private, non-final, nested classes annotated with @Configuration.
11:57:53.048 [main] DEBUG org.springframework.test.context.support.ActiveProfilesUtils - Could not find an 'annotation declaring class' for annotation type [org.springframework.test.context.ActiveProfiles] and class [com.teleapps.ClubAppApplicationTests]
11:57:53.105 [main] DEBUG org.springframework.core.env.StandardEnvironment - Adding [systemProperties] PropertySource with lowest search precedence
11:57:53.106 [main] DEBUG org.springframework.core.env.StandardEnvironment - Adding [systemEnvironment] PropertySource with lowest search precedence
11:57:53.106 [main] DEBUG org.springframework.core.env.StandardEnvironment - Initialized StandardEnvironment with PropertySources [systemProperties,systemEnvironment]
11:57:53.122 [main] DEBUG org.springframework.core.io.support.PathMatchingResourcePatternResolver - Resolved classpath location [com/teleapps/] to resources [URL [file:/C:/Users/jjohn/workspace/ClubApp/target/test-classes/com/teleapps/], URL [file:/C:/Users/jjohn/workspace/ClubApp/target/classes/com/teleapps/]]
11:57:53.123 [main] DEBUG org.springframework.core.io.support.PathMatchingResourcePatternResolver - Looking for matching resources in directory tree [C:\Users\jjohn\workspace\ClubApp\target\test-classes\com\teleapps]
11:57:53.123 [main] DEBUG org.springframework.core.io.support.PathMatchingResourcePatternResolver - Searching directory [C:\Users\jjohn\workspace\ClubApp\target\test-classes\com\teleapps] for files matching pattern [C:/Users/jjohn/workspace/ClubApp/target/test-classes/com/teleapps/*.class]
11:57:53.126 [main] DEBUG org.springframework.core.io.support.PathMatchingResourcePatternResolver - Looking for matching resources in directory tree [C:\Users\jjohn\workspace\ClubApp\target\classes\com\teleapps]
11:57:53.127 [main] DEBUG org.springframework.core.io.support.PathMatchingResourcePatternResolver - Searching directory [C:\Users\jjohn\workspace\ClubApp\target\classes\com\teleapps] for files matching pattern [C:/Users/jjohn/workspace/ClubApp/target/classes/com/teleapps/*.class]
11:57:53.129 [main] DEBUG org.springframework.core.io.support.PathMatchingResourcePatternResolver - Resolved location pattern [classpath*:com/teleapps/*.class] to resources [file [C:\Users\jjohn\workspace\ClubApp\target\test-classes\com\teleapps\ClubAppApplicationTests.class]]
11:57:53.152 [main] DEBUG org.springframework.core.io.support.PathMatchingResourcePatternResolver - Resolved classpath location [com/] to resources [URL [file:/C:/Users/jjohn/workspace/ClubApp/target/test-classes/com/], URL [file:/C:/Users/jjohn/workspace/ClubApp/target/classes/com/], URL [jar:file:/C:/Users/jjohn/.m2/repository/com/fasterxml/jackson/core/jackson-databind/2.8.4/jackson-databind-2.8.4.jar!/com/], URL [jar:file:/C:/Users/jjohn/.m2/repository/com/fasterxml/jackson/core/jackson-annotations/2.8.4/jackson-annotations-2.8.4.jar!/com/], URL [jar:file:/C:/Users/jjohn/.m2/repository/com/fasterxml/jackson/core/jackson-core/2.8.4/jackson-core-2.8.4.jar!/com/], URL [jar:file:/C:/Users/jjohn/.m2/repository/org/glassfish/jersey/core/jersey-server/2.23.2/jersey-server-2.23.2.jar!/com/], URL [jar:file:/C:/Users/jjohn/.m2/repository/org/glassfish/hk2/hk2-core/2.5.0-b05/hk2-core-2.5.0-b05.jar!/com/], URL [jar:file:/C:/Users/jjohn/.m2/repository/com/fasterxml/jackson/jaxrs/jackson-jaxrs-base/2.8.4/jackson-jaxrs-base-2.8.4.jar!/com/], URL [jar:file:/C:/Users/jjohn/.m2/repository/com/fasterxml/jackson/jaxrs/jackson-jaxrs-json-provider/2.8.4/jackson-jaxrs-json-provider-2.8.4.jar!/com/], URL [jar:file:/C:/Users/jjohn/.m2/repository/com/fasterxml/jackson/module/jackson-module-jaxb-annotations/2.8.4/jackson-module-jaxb-annotations-2.8.4.jar!/com/], URL [jar:file:/C:/Users/jjohn/.m2/repository/com/fasterxml/classmate/1.3.3/classmate-1.3.3.jar!/com/], URL [jar:file:/C:/Users/jjohn/.m2/repository/com/jayway/jsonpath/json-path/2.2.0/json-path-2.2.0.jar!/com/]]
11:57:53.152 [main] DEBUG org.springframework.core.io.support.PathMatchingResourcePatternResolver - Looking for matching resources in directory tree [C:\Users\jjohn\workspace\ClubApp\target\test-classes\com]
11:57:53.153 [main] DEBUG org.springframework.core.io.support.PathMatchingResourcePatternResolver - Searching directory [C:\Users\jjohn\workspace\ClubApp\target\test-classes\com] for files matching pattern [C:/Users/jjohn/workspace/ClubApp/target/test-classes/com/*.class]
11:57:53.153 [main] DEBUG org.springframework.core.io.support.PathMatchingResourcePatternResolver - Looking for matching resources in directory tree [C:\Users\jjohn\workspace\ClubApp\target\classes\com]
11:57:53.154 [main] DEBUG org.springframework.core.io.support.PathMatchingResourcePatternResolver - Searching directory [C:\Users\jjohn\workspace\ClubApp\target\classes\com] for files matching pattern [C:/Users/jjohn/workspace/ClubApp/target/classes/com/*.class]
11:57:53.154 [main] DEBUG org.springframework.core.io.support.PathMatchingResourcePatternResolver - Looking for matching resources in jar file [file:/C:/Users/jjohn/.m2/repository/com/fasterxml/jackson/core/jackson-databind/2.8.4/jackson-databind-2.8.4.jar]
11:57:53.169 [main] DEBUG org.springframework.core.io.support.PathMatchingResourcePatternResolver - Looking for matching resources in jar file [file:/C:/Users/jjohn/.m2/repository/com/fasterxml/jackson/core/jackson-annotations/2.8.4/jackson-annotations-2.8.4.jar]
11:57:53.171 [main] DEBUG org.springframework.core.io.support.PathMatchingResourcePatternResolver - Looking for matching resources in jar file [file:/C:/Users/jjohn/.m2/repository/com/fasterxml/jackson/core/jackson-core/2.8.4/jackson-core-2.8.4.jar]
11:57:53.175 [main] DEBUG org.springframework.core.io.support.PathMatchingResourcePatternResolver - Looking for matching resources in jar file [file:/C:/Users/jjohn/.m2/repository/org/glassfish/jersey/core/jersey-server/2.23.2/jersey-server-2.23.2.jar]
11:57:53.178 [main] DEBUG org.springframework.core.io.support.PathMatchingResourcePatternResolver - Looking for matching resources in jar file [file:/C:/Users/jjohn/.m2/repository/org/glassfish/hk2/hk2-core/2.5.0-b05/hk2-core-2.5.0-b05.jar]
11:57:53.179 [main] DEBUG org.springframework.core.io.support.PathMatchingResourcePatternResolver - Looking for matching resources in jar file [file:/C:/Users/jjohn/.m2/repository/com/fasterxml/jackson/jaxrs/jackson-jaxrs-base/2.8.4/jackson-jaxrs-base-2.8.4.jar]
11:57:53.179 [main] DEBUG org.springframework.core.io.support.PathMatchingResourcePatternResolver - Looking for matching resources in jar file [file:/C:/Users/jjohn/.m2/repository/com/fasterxml/jackson/jaxrs/jackson-jaxrs-json-provider/2.8.4/jackson-jaxrs-json-provider-2.8.4.jar]
11:57:53.180 [main] DEBUG org.springframework.core.io.support.PathMatchingResourcePatternResolver - Looking for matching resources in jar file [file:/C:/Users/jjohn/.m2/repository/com/fasterxml/jackson/module/jackson-module-jaxb-annotations/2.8.4/jackson-module-jaxb-annotations-2.8.4.jar]
11:57:53.180 [main] DEBUG org.springframework.core.io.support.PathMatchingResourcePatternResolver - Looking for matching resources in jar file [file:/C:/Users/jjohn/.m2/repository/com/fasterxml/classmate/1.3.3/classmate-1.3.3.jar]
11:57:53.180 [main] DEBUG org.springframework.core.io.support.PathMatchingResourcePatternResolver - Looking for matching resources in jar file [file:/C:/Users/jjohn/.m2/repository/com/jayway/jsonpath/json-path/2.2.0/json-path-2.2.0.jar]
11:57:53.182 [main] DEBUG org.springframework.core.io.support.PathMatchingResourcePatternResolver - Resolved location pattern [classpath*:com/*.class] to resources []
11:57:53.187 [main] DEBUG org.springframework.test.context.junit4.SpringJUnit4ClassRunner - SpringJUnit4ClassRunner constructor called with [class com.teleapps.ClubAppApplicationTests]
11:57:53.187 [main] DEBUG org.springframework.test.context.BootstrapUtils - Instantiating CacheAwareContextLoaderDelegate from class [org.springframework.test.context.cache.DefaultCacheAwareContextLoaderDelegate]
11:57:53.187 [main] DEBUG org.springframework.test.context.BootstrapUtils - Instantiating BootstrapContext using constructor [public org.springframework.test.context.support.DefaultBootstrapContext(java.lang.Class,org.springframework.test.context.CacheAwareContextLoaderDelegate)]
11:57:53.188 [main] DEBUG org.springframework.test.context.BootstrapUtils - Instantiating TestContextBootstrapper for test class [com.teleapps.ClubAppApplicationTests] from class [org.springframework.boot.test.context.SpringBootTestContextBootstrapper]
11:57:53.188 [main] INFO org.springframework.boot.test.context.SpringBootTestContextBootstrapper - Neither @ContextConfiguration nor @ContextHierarchy found for test class [com.teleapps.ClubAppApplicationTests], using SpringBootContextLoader
11:57:53.189 [main] DEBUG org.springframework.test.context.support.AbstractContextLoader - Did not detect default resource location for test class [com.teleapps.ClubAppApplicationTests]: class path resource [com/teleapps/ClubAppApplicationTests-context.xml] does not exist
11:57:53.189 [main] DEBUG org.springframework.test.context.support.AbstractContextLoader - Did not detect default resource location for test class [com.teleapps.ClubAppApplicationTests]: class path resource [com/teleapps/ClubAppApplicationTestsContext.groovy] does not exist
11:57:53.189 [main] INFO org.springframework.test.context.support.AbstractContextLoader - Could not detect default resource locations for test class [com.teleapps.ClubAppApplicationTests]: no resource found for suffixes {-context.xml, Context.groovy}.
11:57:53.190 [main] INFO org.springframework.test.context.support.AnnotationConfigContextLoaderUtils - Could not detect default configuration classes for test class [com.teleapps.ClubAppApplicationTests]: ClubAppApplicationTests does not declare any static, non-private, non-final, nested classes annotated with @Configuration.
11:57:53.195 [main] DEBUG org.springframework.test.context.support.ActiveProfilesUtils - Could not find an 'annotation declaring class' for annotation type [org.springframework.test.context.ActiveProfiles] and class [com.teleapps.ClubAppApplicationTests]
11:57:53.196 [main] DEBUG org.springframework.core.env.StandardEnvironment - Adding [systemProperties] PropertySource with lowest search precedence
11:57:53.197 [main] DEBUG org.springframework.core.env.StandardEnvironment - Adding [systemEnvironment] PropertySource with lowest search precedence
11:57:53.197 [main] DEBUG org.springframework.core.env.StandardEnvironment - Initialized StandardEnvironment with PropertySources [systemProperties,systemEnvironment]
11:57:53.198 [main] DEBUG org.springframework.core.io.support.PathMatchingResourcePatternResolver - Resolved classpath location [com/teleapps/] to resources [URL [file:/C:/Users/jjohn/workspace/ClubApp/target/test-classes/com/teleapps/], URL [file:/C:/Users/jjohn/workspace/ClubApp/target/classes/com/teleapps/]]
11:57:53.198 [main] DEBUG org.springframework.core.io.support.PathMatchingResourcePatternResolver - Looking for matching resources in directory tree [C:\Users\jjohn\workspace\ClubApp\target\test-classes\com\teleapps]
11:57:53.198 [main] DEBUG org.springframework.core.io.support.PathMatchingResourcePatternResolver - Searching directory [C:\Users\jjohn\workspace\ClubApp\target\test-classes\com\teleapps] for files matching pattern [C:/Users/jjohn/workspace/ClubApp/target/test-classes/com/teleapps/*.class]
11:57:53.200 [main] DEBUG org.springframework.core.io.support.PathMatchingResourcePatternResolver - Looking for matching resources in directory tree [C:\Users\jjohn\workspace\ClubApp\target\classes\com\teleapps]
11:57:53.200 [main] DEBUG org.springframework.core.io.support.PathMatchingResourcePatternResolver - Searching directory [C:\Users\jjohn\workspace\ClubApp\target\classes\com\teleapps] for files matching pattern [C:/Users/jjohn/workspace/ClubApp/target/classes/com/teleapps/*.class]
11:57:53.202 [main] DEBUG org.springframework.core.io.support.PathMatchingResourcePatternResolver - Resolved location pattern [classpath*:com/teleapps/*.class] to resources [file [C:\Users\jjohn\workspace\ClubApp\target\test-classes\com\teleapps\ClubAppApplicationTests.class]]
11:57:53.205 [main] DEBUG org.springframework.core.io.support.PathMatchingResourcePatternResolver - Resolved classpath location [com/] to resources [URL [file:/C:/Users/jjohn/workspace/ClubApp/target/test-classes/com/], URL [file:/C:/Users/jjohn/workspace/ClubApp/target/classes/com/], URL [jar:file:/C:/Users/jjohn/.m2/repository/com/fasterxml/jackson/core/jackson-databind/2.8.4/jackson-databind-2.8.4.jar!/com/], URL [jar:file:/C:/Users/jjohn/.m2/repository/com/fasterxml/jackson/core/jackson-annotations/2.8.4/jackson-annotations-2.8.4.jar!/com/], URL [jar:file:/C:/Users/jjohn/.m2/repository/com/fasterxml/jackson/core/jackson-core/2.8.4/jackson-core-2.8.4.jar!/com/], URL [jar:file:/C:/Users/jjohn/.m2/repository/org/glassfish/jersey/core/jersey-server/2.23.2/jersey-server-2.23.2.jar!/com/], URL [jar:file:/C:/Users/jjohn/.m2/repository/org/glassfish/hk2/hk2-core/2.5.0-b05/hk2-core-2.5.0-b05.jar!/com/], URL [jar:file:/C:/Users/jjohn/.m2/repository/com/fasterxml/jackson/jaxrs/jackson-jaxrs-base/2.8.4/jackson-jaxrs-base-2.8.4.jar!/com/], URL [jar:file:/C:/Users/jjohn/.m2/repository/com/fasterxml/jackson/jaxrs/jackson-jaxrs-json-provider/2.8.4/jackson-jaxrs-json-provider-2.8.4.jar!/com/], URL [jar:file:/C:/Users/jjohn/.m2/repository/com/fasterxml/jackson/module/jackson-module-jaxb-annotations/2.8.4/jackson-module-jaxb-annotations-2.8.4.jar!/com/], URL [jar:file:/C:/Users/jjohn/.m2/repository/com/fasterxml/classmate/1.3.3/classmate-1.3.3.jar!/com/], URL [jar:file:/C:/Users/jjohn/.m2/repository/com/jayway/jsonpath/json-path/2.2.0/json-path-2.2.0.jar!/com/]]
11:57:53.205 [main] DEBUG org.springframework.core.io.support.PathMatchingResourcePatternResolver - Looking for matching resources in directory tree [C:\Users\jjohn\workspace\ClubApp\target\test-classes\com]
11:57:53.206 [main] DEBUG org.springframework.core.io.support.PathMatchingResourcePatternResolver - Searching directory [C:\Users\jjohn\workspace\ClubApp\target\test-classes\com] for files matching pattern [C:/Users/jjohn/workspace/ClubApp/target/test-classes/com/*.class]
11:57:53.207 [main] DEBUG org.springframework.core.io.support.PathMatchingResourcePatternResolver - Looking for matching resources in directory tree [C:\Users\jjohn\workspace\ClubApp\target\classes\com]
11:57:53.207 [main] DEBUG org.springframework.core.io.support.PathMatchingResourcePatternResolver - Searching directory [C:\Users\jjohn\workspace\ClubApp\target\classes\com] for files matching pattern [C:/Users/jjohn/workspace/ClubApp/target/classes/com/*.class]
11:57:53.208 [main] DEBUG org.springframework.core.io.support.PathMatchingResourcePatternResolver - Looking for matching resources in jar file [file:/C:/Users/jjohn/.m2/repository/com/fasterxml/jackson/core/jackson-databind/2.8.4/jackson-databind-2.8.4.jar]
11:57:53.217 [main] DEBUG org.springframework.core.io.support.PathMatchingResourcePatternResolver - Looking for matching resources in jar file [file:/C:/Users/jjohn/.m2/repository/com/fasterxml/jackson/core/jackson-annotations/2.8.4/jackson-annotations-2.8.4.jar]
11:57:53.219 [main] DEBUG org.springframework.core.io.support.PathMatchingResourcePatternResolver - Looking for matching resources in jar file [file:/C:/Users/jjohn/.m2/repository/com/fasterxml/jackson/core/jackson-core/2.8.4/jackson-core-2.8.4.jar]
11:57:53.221 [main] DEBUG org.springframework.core.io.support.PathMatchingResourcePatternResolver - Looking for matching resources in jar file [file:/C:/Users/jjohn/.m2/repository/org/glassfish/jersey/core/jersey-server/2.23.2/jersey-server-2.23.2.jar]
11:57:53.224 [main] DEBUG org.springframework.core.io.support.PathMatchingResourcePatternResolver - Looking for matching resources in jar file [file:/C:/Users/jjohn/.m2/repository/org/glassfish/hk2/hk2-core/2.5.0-b05/hk2-core-2.5.0-b05.jar]
11:57:53.225 [main] DEBUG org.springframework.core.io.support.PathMatchingResourcePatternResolver - Looking for matching resources in jar file [file:/C:/Users/jjohn/.m2/repository/com/fasterxml/jackson/jaxrs/jackson-jaxrs-base/2.8.4/jackson-jaxrs-base-2.8.4.jar]
11:57:53.225 [main] DEBUG org.springframework.core.io.support.PathMatchingResourcePatternResolver - Looking for matching resources in jar file [file:/C:/Users/jjohn/.m2/repository/com/fasterxml/jackson/jaxrs/jackson-jaxrs-json-provider/2.8.4/jackson-jaxrs-json-provider-2.8.4.jar]
11:57:53.226 [main] DEBUG org.springframework.core.io.support.PathMatchingResourcePatternResolver - Looking for matching resources in jar file [file:/C:/Users/jjohn/.m2/repository/com/fasterxml/jackson/module/jackson-module-jaxb-annotations/2.8.4/jackson-module-jaxb-annotations-2.8.4.jar]
11:57:53.226 [main] DEBUG org.springframework.core.io.support.PathMatchingResourcePatternResolver - Looking for matching resources in jar file [file:/C:/Users/jjohn/.m2/repository/com/fasterxml/classmate/1.3.3/classmate-1.3.3.jar]
11:57:53.227 [main] DEBUG org.springframework.core.io.support.PathMatchingResourcePatternResolver - Looking for matching resources in jar file [file:/C:/Users/jjohn/.m2/repository/com/jayway/jsonpath/json-path/2.2.0/json-path-2.2.0.jar]
11:57:53.229 [main] DEBUG org.springframework.core.io.support.PathMatchingResourcePatternResolver - Resolved location pattern [classpath*:com/*.class] to resources []
]]></system-out>
  </testcase>
</testsuite>